# JRE version: Java(TM) SE Runtime Environment (17.0.14+8) (build 17.0.14+8-LTS-191)
# Java VM: Java HotSpot(TM) 64-Bit Server VM (17.0.14+8-LTS-191, mixed mode, sharing, tiered, compressed oops, compressed class ptrs, g1 gc, windows-amd64)
GC Precious Log:
 CPUs: 4 total, 4 available
 Memory: 16249M
 Large Page Support: Disabled
 NUMA Support: Disabled
 Compressed Oops: Enabled (Zero based)
 Heap Region Size: 2M
 Heap Min Capacity: 8M
 Heap Initial Capacity: 254M
 Heap Max Capacity: 4064M
 Pre-touch: Disabled
 Parallel Workers: 4
 Concurrent Workers: 1
 Concurrent Refinement Workers: 4
 Periodic GC: Disabled
Heap:
 garbage-first heap   total 61440K, used 37835K [0x0000000702000000, 0x0000000800000000)
  region size 2048K, 7 young (14336K), 2 survivors (4096K)
 Metaspace       used 75207K, committed 75776K, reserved 1114112K
  class space    used 10652K, committed 10944K, reserved 1048576K
GC Heap History (20 events):
Event: 8.319 GC heap before
{Heap before GC invocations=12 (full 0):
 garbage-first heap   total 55296K, used 39088K [0x0000000702000000, 0x0000000800000000)
  region size 2048K, 12 young (24576K), 2 survivors (4096K)
 Metaspace       used 45617K, committed 46144K, reserved 1114112K
  class space    used 6218K, committed 6464K, reserved 1048576K
}
Event: 8.326 GC heap after
{Heap after GC invocations=13 (full 0):
 garbage-first heap   total 55296K, used 22832K [0x0000000702000000, 0x0000000800000000)
  region size 2048K, 2 young (4096K), 2 survivors (4096K)
 Metaspace       used 45617K, committed 46144K, reserved 1114112K
  class space    used 6218K, committed 6464K, reserved 1048576K
}
Event: 8.887 GC heap before
{Heap before GC invocations=13 (full 0):
 garbage-first heap   total 55296K, used 41264K [0x0000000702000000, 0x0000000800000000)
  region size 2048K, 11 young (22528K), 2 survivors (4096K)
 Metaspace       used 50516K, committed 51008K, reserved 1114112K
  class space    used 6769K, committed 6976K, reserved 1048576K
}
Event: 8.892 GC heap after
{Heap after GC invocations=14 (full 0):
 garbage-first heap   total 55296K, used 24233K [0x0000000702000000, 0x0000000800000000)
  region size 2048K, 2 young (4096K), 2 survivors (4096K)
 Metaspace       used 50516K, committed 51008K, reserved 1114112K
  class space    used 6769K, committed 6976K, reserved 1048576K
}
Event: 9.307 GC heap before
{Heap before GC invocations=14 (full 0):
 garbage-first heap   total 55296K, used 38569K [0x0000000702000000, 0x0000000800000000)
  region size 2048K, 10 young (20480K), 2 survivors (4096K)
 Metaspace       used 55730K, committed 56192K, reserved 1114112K
  class space    used 7646K, committed 7872K, reserved 1048576K
}
Event: 9.311 GC heap after
{Heap after GC invocations=15 (full 0):
 garbage-first heap   total 55296K, used 24912K [0x0000000702000000, 0x0000000800000000)
  region size 2048K, 1 young (2048K), 1 survivors (2048K)
 Metaspace       used 55730K, committed 56192K, reserved 1114112K
  class space    used 7646K, committed 7872K, reserved 1048576K
}
Event: 9.801 GC heap before
{Heap before GC invocations=15 (full 0):
 garbage-first heap   total 55296K, used 39248K [0x0000000702000000, 0x0000000800000000)
  region size 2048K, 9 young (18432K), 1 survivors (2048K)
 Metaspace       used 59614K, committed 60224K, reserved 1114112K
  class space    used 8239K, committed 8512K, reserved 1048576K
}
Event: 9.804 GC heap after
{Heap after GC invocations=16 (full 0):
 garbage-first heap   total 55296K, used 25427K [0x0000000702000000, 0x0000000800000000)
  region size 2048K, 2 young (4096K), 2 survivors (4096K)
 Metaspace       used 59614K, committed 60224K, reserved 1114112K
  class space    used 8239K, committed 8512K, reserved 1048576K
}
Event: 9.809 GC heap before
{Heap before GC invocations=16 (full 0):
 garbage-first heap   total 55296K, used 25427K [0x0000000702000000, 0x0000000800000000)
  region size 2048K, 3 young (6144K), 2 survivors (4096K)
 Metaspace       used 59731K, committed 60288K, reserved 1114112K
  class space    used 8248K, committed 8512K, reserved 1048576K
}
Event: 9.812 GC heap after
{Heap after GC invocations=17 (full 0):
 garbage-first heap   total 55296K, used 25603K [0x0000000702000000, 0x0000000800000000)
  region size 2048K, 1 young (2048K), 1 survivors (2048K)
 Metaspace       used 59731K, committed 60288K, reserved 1114112K
  class space    used 8248K, committed 8512K, reserved 1048576K
}
Event: 10.990 GC heap before
{Heap before GC invocations=18 (full 0):
 garbage-first heap   total 55296K, used 44035K [0x0000000702000000, 0x0000000800000000)
  region size 2048K, 10 young (20480K), 1 survivors (2048K)
 Metaspace       used 62814K, committed 63360K, reserved 1114112K
  class space    used 8736K, committed 8960K, reserved 1048576K
}
Event: 10.997 GC heap after
{Heap after GC invocations=19 (full 0):
 garbage-first heap   total 55296K, used 26913K [0x0000000702000000, 0x0000000800000000)
  region size 2048K, 2 young (4096K), 2 survivors (4096K)
 Metaspace       used 62814K, committed 63360K, reserved 1114112K
  class space    used 8736K, committed 8960K, reserved 1048576K
}
Event: 11.574 GC heap before
{Heap before GC invocations=20 (full 0):
 garbage-first heap   total 55296K, used 41249K [0x0000000702000000, 0x0000000800000000)
  region size 2048K, 10 young (20480K), 2 survivors (4096K)
 Metaspace       used 65269K, committed 65856K, reserved 1114112K
  class space    used 9070K, committed 9344K, reserved 1048576K
}
Event: 11.581 GC heap after
{Heap after GC invocations=21 (full 0):
 garbage-first heap   total 55296K, used 28385K [0x0000000702000000, 0x0000000800000000)
  region size 2048K, 2 young (4096K), 2 survivors (4096K)
 Metaspace       used 65269K, committed 65856K, reserved 1114112K
  class space    used 9070K, committed 9344K, reserved 1048576K
}
Event: 12.094 GC heap before
{Heap before GC invocations=21 (full 0):
 garbage-first heap   total 55296K, used 42721K [0x0000000702000000, 0x0000000800000000)
  region size 2048K, 9 young (18432K), 2 survivors (4096K)
 Metaspace       used 67004K, committed 67584K, reserved 1114112K
  class space    used 9329K, committed 9600K, reserved 1048576K
}
Event: 12.103 GC heap after
{Heap after GC invocations=22 (full 0):
 garbage-first heap   total 55296K, used 29492K [0x0000000702000000, 0x0000000800000000)
  region size 2048K, 2 young (4096K), 2 survivors (4096K)
 Metaspace       used 67004K, committed 67584K, reserved 1114112K
  class space    used 9329K, committed 9600K, reserved 1048576K
}
Event: 12.616 GC heap before
{Heap before GC invocations=23 (full 0):
 garbage-first heap   total 59392K, used 39732K [0x0000000702000000, 0x0000000800000000)
  region size 2048K, 8 young (16384K), 2 survivors (4096K)
 Metaspace       used 69132K, committed 69696K, reserved 1114112K
  class space    used 9615K, committed 9856K, reserved 1048576K
}
Event: 12.621 GC heap after
{Heap after GC invocations=24 (full 0):
 garbage-first heap   total 59392K, used 30590K [0x0000000702000000, 0x0000000800000000)
  region size 2048K, 1 young (2048K), 1 survivors (2048K)
 Metaspace       used 69132K, committed 69696K, reserved 1114112K
  class space    used 9615K, committed 9856K, reserved 1048576K
}
Event: 13.055 GC heap before
{Heap before GC invocations=24 (full 0):
 garbage-first heap   total 59392K, used 46974K [0x0000000702000000, 0x0000000800000000)
  region size 2048K, 9 young (18432K), 1 survivors (2048K)
 Metaspace       used 72025K, committed 72576K, reserved 1114112K
  class space    used 10137K, committed 10432K, reserved 1048576K
}
Event: 13.060 GC heap after
{Heap after GC invocations=25 (full 0):
 garbage-first heap   total 59392K, used 31691K [0x0000000702000000, 0x0000000800000000)
  region size 2048K, 2 young (4096K), 2 survivors (4096K)
 Metaspace       used 72025K, committed 72576K, reserved 1114112K
  class space    used 10137K, committed 10432K, reserved 1048576K
}

